# JRE version: Java(TM) SE Runtime Environment (17.0.9+11) (build 17.0.9+11-LTS-201)
# Java VM: Java HotSpot(TM) 64-Bit Server VM (17.0.9+11-LTS-201, mixed mode, sharing, tiered, compressed oops, compressed class ptrs, g1 gc, windows-amd64)
GC Precious Log:
 CPUs: 8 total, 8 available
 Memory: 24310M
 Large Page Support: Disabled
 NUMA Support: Disabled
 Compressed Oops: Enabled (32-bit)
 Heap Region Size: 1M
 Heap Min Capacity: 256M
 Heap Initial Capacity: 256M
 Heap Max Capacity: 512M
 Pre-touch: Disabled
 Parallel Workers: 8
 Concurrent Workers: 2
 Concurrent Refinement Workers: 8
 Periodic GC: Disabled
Heap:
 garbage-first heap   total 262144K, used 161416K [0x00000000e0000000, 0x0000000100000000)
  region size 1024K, 127 young (130048K), 1 survivors (1024K)
 Metaspace       used 47607K, committed 48064K, reserved 393216K
  class space    used 6885K, committed 7104K, reserved 327680K
GC Heap History (14 events):
Event: 1.078 GC heap before
{Heap before GC invocations=0 (full 0):
 garbage-first heap   total 262144K, used 27648K [0x00000000e0000000, 0x0000000100000000)
  region size 1024K, 23 young (23552K), 0 survivors (0K)
 Metaspace       used 2986K, committed 3136K, reserved 393216K
  class space    used 384K, committed 448K, reserved 327680K
}
Event: 1.082 GC heap after
{Heap after GC invocations=1 (full 0):
 garbage-first heap   total 262144K, used 10723K [0x00000000e0000000, 0x0000000100000000)
  region size 1024K, 3 young (3072K), 3 survivors (3072K)
 Metaspace       used 2986K, committed 3136K, reserved 393216K
  class space    used 384K, committed 448K, reserved 327680K
}
Event: 1.915 GC heap before
{Heap before GC invocations=1 (full 0):
 garbage-first heap   total 262144K, used 38371K [0x00000000e0000000, 0x0000000100000000)
  region size 1024K, 30 young (30720K), 3 survivors (3072K)
 Metaspace       used 4009K, committed 4160K, reserved 393216K
  class space    used 494K, committed 576K, reserved 327680K
}
Event: 1.918 GC heap after
{Heap after GC invocations=2 (full 0):
 garbage-first heap   total 262144K, used 11779K [0x00000000e0000000, 0x0000000100000000)
  region size 1024K, 1 young (1024K), 1 survivors (1024K)
 Metaspace       used 4009K, committed 4160K, reserved 393216K
  class space    used 494K, committed 576K, reserved 327680K
}
Event: 6.198 GC heap before
{Heap before GC invocations=2 (full 0):
 garbage-first heap   total 262144K, used 118275K [0x00000000e0000000, 0x0000000100000000)
  region size 1024K, 105 young (107520K), 1 survivors (1024K)
 Metaspace       used 19304K, committed 19648K, reserved 393216K
  class space    used 2832K, committed 3008K, reserved 327680K
}
Event: 6.211 GC heap after
{Heap after GC invocations=3 (full 0):
 garbage-first heap   total 262144K, used 22249K [0x00000000e0000000, 0x0000000100000000)
  region size 1024K, 12 young (12288K), 12 survivors (12288K)
 Metaspace       used 19304K, committed 19648K, reserved 393216K
  class space    used 2832K, committed 3008K, reserved 327680K
}
Event: 6.692 GC heap before
{Heap before GC invocations=3 (full 0):
 garbage-first heap   total 262144K, used 36585K [0x00000000e0000000, 0x0000000100000000)
  region size 1024K, 27 young (27648K), 12 survivors (12288K)
 Metaspace       used 21259K, committed 21504K, reserved 393216K
  class space    used 3132K, committed 3264K, reserved 327680K
}
Event: 6.701 GC heap after
{Heap after GC invocations=4 (full 0):
 garbage-first heap   total 262144K, used 23355K [0x00000000e0000000, 0x0000000100000000)
  region size 1024K, 1 young (1024K), 1 survivors (1024K)
 Metaspace       used 21259K, committed 21504K, reserved 393216K
  class space    used 3132K, committed 3264K, reserved 327680K
}
Event: 10.407 GC heap before
{Heap before GC invocations=5 (full 0):
 garbage-first heap   total 262144K, used 140091K [0x00000000e0000000, 0x0000000100000000)
  region size 1024K, 112 young (114688K), 1 survivors (1024K)
 Metaspace       used 35637K, committed 35968K, reserved 393216K
  class space    used 4991K, committed 5120K, reserved 327680K
}
Event: 10.418 GC heap after
{Heap after GC invocations=6 (full 0):
 garbage-first heap   total 262144K, used 32102K [0x00000000e0000000, 0x0000000100000000)
  region size 1024K, 10 young (10240K), 10 survivors (10240K)
 Metaspace       used 35637K, committed 35968K, reserved 393216K
  class space    used 4991K, committed 5120K, reserved 327680K
}
Event: 10.475 GC heap before
{Heap before GC invocations=6 (full 0):
 garbage-first heap   total 262144K, used 34150K [0x00000000e0000000, 0x0000000100000000)
  region size 1024K, 12 young (12288K), 10 survivors (10240K)
 Metaspace       used 35915K, committed 36288K, reserved 393216K
  class space    used 5043K, committed 5184K, reserved 327680K
}
Event: 10.491 GC heap after
{Heap after GC invocations=7 (full 0):
 garbage-first heap   total 262144K, used 32259K [0x00000000e0000000, 0x0000000100000000)
  region size 1024K, 2 young (2048K), 2 survivors (2048K)
 Metaspace       used 35915K, committed 36288K, reserved 393216K
  class space    used 5043K, committed 5184K, reserved 327680K
}
Event: 10.508 GC heap before
{Heap before GC invocations=7 (full 0):
 garbage-first heap   total 262144K, used 32259K [0x00000000e0000000, 0x0000000100000000)
  region size 1024K, 3 young (3072K), 2 survivors (2048K)
 Metaspace       used 35975K, committed 36288K, reserved 393216K
  class space    used 5053K, committed 5184K, reserved 327680K
}
Event: 10.510 GC heap after
{Heap after GC invocations=8 (full 0):
 garbage-first heap   total 262144K, used 31368K [0x00000000e0000000, 0x0000000100000000)
  region size 1024K, 1 young (1024K), 1 survivors (1024K)
 Metaspace       used 35975K, committed 36288K, reserved 393216K
  class space    used 5053K, committed 5184K, reserved 327680K
}

